Extrae: WARNING! omp_get_thread_num_real is a NULL pointer. Did the initialization of this module trigger? Retrying initialization...
Extrae: Error! Hardware counter PAPI_FP_INS (0x80000034) is not available. Check set 2.
0 57699712 # virt_mem_0
0 58468016 # virt_mem_after_nodes
0 1.73 # build_time_nodes
0 118.75 # build_edge_time 
0 99378440 # virt_mem_after_edges
0 99378440 # virt_mem_after_presim
0 2.78 # presim_time
0 99378440 # virt_mem_after_sim
0 14.53 # sim_time
0 8.964 # average rate
mpi2prv: The parallel version of the mpi2prv is not suited for 1 processor! Dying...
Command exited with non-zero status 1
	Command being timed: "./nest hpc_benchmark240.sli"
	User time (seconds): 1651.17
	System time (seconds): 479.97
	Percent of CPU this job got: 1494%
	Elapsed (wall clock) time (h:mm:ss or m:ss): 2:22.55
	Average shared text size (kbytes): 0
	Average unshared data size (kbytes): 0
	Average stack size (kbytes): 0
	Average total size (kbytes): 0
	Maximum resident set size (kbytes): 44221748
	Average resident set size (kbytes): 0
	Major (requiring I/O) page faults: 2
	Minor (reclaiming a frame) page faults: 43477743
	Voluntary context switches: 32991955
	Involuntary context switches: 10945
	Swaps: 0
	File system inputs: 400
	File system outputs: 0
	Socket messages sent: 0
	Socket messages received: 0
	Signals delivered: 0
	Page size (bytes): 4096
	Exit status: 1
