Running  mpirun -np 1 /home/bsc15/bsc15982/nest-simulator/change/bin/nest /home/bsc15/bsc15982/nest-simulator/change/share/doc/nest/unittests/test_add_freeze_thaw.sli
[INFO] [2017.9.18 10:22:40 /home/bsc15/bsc15982/nest-simulator/nestkernel/rng_manager.cpp:226 @ Network::create_rngs_] : Creating default RNGs
Trying to set num threads: 1
[INFO] [2017.9.18 10:22:40 /home/bsc15/bsc15982/nest-simulator/nestkernel/rng_manager.cpp:221 @ Network::create_rngs_] : Deleting existing random number generators
[INFO] [2017.9.18 10:22:40 /home/bsc15/bsc15982/nest-simulator/nestkernel/rng_manager.cpp:226 @ Network::create_rngs_] : Creating default RNGs
[INFO] [2017.9.18 10:22:40 /home/bsc15/bsc15982/nest-simulator/nestkernel/rng_manager.cpp:272 @ Network::create_grng_] : Creating new default global RNG
NEST v2.12.0 (C) 2004 The NEST Initiative
Trying to set num threads: 1
Trying to set num threads: 4
terminate called after throwing an instance of 'terminate called recursively
std::out_of_range'
terminate called recursively
terminate called recursively
terminate called recursively

===================================================================================
=   BAD TERMINATION OF ONE OF YOUR APPLICATION PROCESSES
=   PID 332643 RUNNING AT login1
=   EXIT CODE: 6
=   CLEANING UP REMAINING PROCESSES
=   YOU CAN IGNORE THE BELOW CLEANUP MESSAGES
===================================================================================

===================================================================================
=   BAD TERMINATION OF ONE OF YOUR APPLICATION PROCESSES
=   PID 332643 RUNNING AT login1
=   EXIT CODE: 6
=   CLEANING UP REMAINING PROCESSES
=   YOU CAN IGNORE THE BELOW CLEANUP MESSAGES
===================================================================================
   Intel(R) MPI Library troubleshooting guide:
      https://software.intel.com/node/561764
===================================================================================
