The system is: Linux - 4.4.59-92.20-default - x86_64
Compiling the CXX compiler identification source file "CMakeCXXCompilerId.cpp" succeeded.
Compiler: /apps/GCC/7.1.0/bin/g++ 
Build flags: -march=skylake-avx512;-mtune=skylake-avx512;-m64;-fPIC
Id flags: 

The output was:
0


Compilation of the CXX compiler identification source "CMakeCXXCompilerId.cpp" produced "a.out"

The CXX compiler identification is GNU, found in "/home/bsc15/bsc15982/nest-simulator/change/CMakeFiles/3.5.2/CompilerIdCXX/a.out"

Compiling the C compiler identification source file "CMakeCCompilerId.c" succeeded.
Compiler: /apps/GCC/7.1.0/bin/gcc 
Build flags: -march=skylake-avx512;-mtune=skylake-avx512;-m64;-fPIC
Id flags: 

The output was:
0


Compilation of the C compiler identification source "CMakeCCompilerId.c" produced "a.out"

The C compiler identification is GNU, found in "/home/bsc15/bsc15982/nest-simulator/change/CMakeFiles/3.5.2/CompilerIdC/a.out"

Determining if the CXX compiler works passed with the following output:
Change Dir: /home/bsc15/bsc15982/nest-simulator/change/CMakeFiles/CMakeTmp

Run Build Command:"/usr/bin/gmake" "cmTC_cdcd3/fast"
/usr/bin/gmake -f CMakeFiles/cmTC_cdcd3.dir/build.make CMakeFiles/cmTC_cdcd3.dir/build
gmake[1]: Entering directory '/gpfs/home/bsc15/bsc15982/nest-simulator/change/CMakeFiles/CMakeTmp'
Building CXX object CMakeFiles/cmTC_cdcd3.dir/testCXXCompiler.cxx.o
/apps/GCC/7.1.0/bin/g++     -march=skylake-avx512 -mtune=skylake-avx512 -m64 -fPIC     -o CMakeFiles/cmTC_cdcd3.dir/testCXXCompiler.cxx.o -c /home/bsc15/bsc15982/nest-simulator/change/CMakeFiles/CMakeTmp/testCXXCompiler.cxx
Linking CXX executable cmTC_cdcd3
/usr/bin/cmake -E cmake_link_script CMakeFiles/cmTC_cdcd3.dir/link.txt --verbose=1
/apps/GCC/7.1.0/bin/g++   -march=skylake-avx512 -mtune=skylake-avx512 -m64 -fPIC      CMakeFiles/cmTC_cdcd3.dir/testCXXCompiler.cxx.o  -o cmTC_cdcd3 -rdynamic 
gmake[1]: Leaving directory '/gpfs/home/bsc15/bsc15982/nest-simulator/change/CMakeFiles/CMakeTmp'


Detecting CXX compiler ABI info compiled with the following output:
Change Dir: /home/bsc15/bsc15982/nest-simulator/change/CMakeFiles/CMakeTmp

Run Build Command:"/usr/bin/gmake" "cmTC_faa9b/fast"
/usr/bin/gmake -f CMakeFiles/cmTC_faa9b.dir/build.make CMakeFiles/cmTC_faa9b.dir/build
gmake[1]: Entering directory '/gpfs/home/bsc15/bsc15982/nest-simulator/change/CMakeFiles/CMakeTmp'
Building CXX object CMakeFiles/cmTC_faa9b.dir/CMakeCXXCompilerABI.cpp.o
/apps/GCC/7.1.0/bin/g++     -march=skylake-avx512 -mtune=skylake-avx512 -m64 -fPIC     -o CMakeFiles/cmTC_faa9b.dir/CMakeCXXCompilerABI.cpp.o -c /usr/share/cmake/Modules/CMakeCXXCompilerABI.cpp
Linking CXX executable cmTC_faa9b
/usr/bin/cmake -E cmake_link_script CMakeFiles/cmTC_faa9b.dir/link.txt --verbose=1
/apps/GCC/7.1.0/bin/g++   -march=skylake-avx512 -mtune=skylake-avx512 -m64 -fPIC     -v CMakeFiles/cmTC_faa9b.dir/CMakeCXXCompilerABI.cpp.o  -o cmTC_faa9b -rdynamic  
Using built-in specs.
COLLECT_GCC=/apps/GCC/7.1.0/bin/g++
COLLECT_LTO_WRAPPER=/gpfs/apps/MN4/GCC/7.1.0/bin/../libexec/gcc/x86_64-pc-linux-gnu/7.1.0/lto-wrapper
Target: x86_64-pc-linux-gnu
Configured with: ../configure --prefix=/apps/GCC/7.1.0 --disable-multilib --enable-languages=c,c++,objc,fortran,obj-c++
Thread model: posix
gcc version 7.1.0 (GCC) 
COMPILER_PATH=/gpfs/apps/MN4/GCC/7.1.0/bin/../libexec/gcc/x86_64-pc-linux-gnu/7.1.0/:/gpfs/apps/MN4/GCC/7.1.0/bin/../libexec/gcc/
LIBRARY_PATH=/gpfs/apps/MN4/GCC/7.1.0/bin/../lib/gcc/x86_64-pc-linux-gnu/7.1.0/:/gpfs/apps/MN4/GCC/7.1.0/bin/../lib/gcc/:/apps/GCC/7.1.0/lib64/../lib64/:/gpfs/apps/MN4/GCC/7.1.0/bin/../lib/gcc/x86_64-pc-linux-gnu/7.1.0/../../../../lib64/:/lib/../lib64/:/usr/lib/../lib64/:/apps/GCC/7.1.0/lib/gcc/x86_64-pc-linux-gnu/7.1.0/:/apps/GCC/7.1.0/lib64/:/gpfs/apps/MN4/GCC/7.1.0/bin/../lib/gcc/x86_64-pc-linux-gnu/7.1.0/../../../:/lib/:/usr/lib/
COLLECT_GCC_OPTIONS='-march=skylake-avx512' '-mtune=skylake-avx512' '-m64' '-fPIC' '-v' '-o' 'cmTC_faa9b' '-rdynamic' '-shared-libgcc'
 /gpfs/apps/MN4/GCC/7.1.0/bin/../libexec/gcc/x86_64-pc-linux-gnu/7.1.0/collect2 -plugin /gpfs/apps/MN4/GCC/7.1.0/bin/../libexec/gcc/x86_64-pc-linux-gnu/7.1.0/liblto_plugin.so -plugin-opt=/gpfs/apps/MN4/GCC/7.1.0/bin/../libexec/gcc/x86_64-pc-linux-gnu/7.1.0/lto-wrapper -plugin-opt=-fresolution=/scratch/tmp/cc5c8qbz.res -plugin-opt=-pass-through=-lgcc_s -plugin-opt=-pass-through=-lgcc -plugin-opt=-pass-through=-lc -plugin-opt=-pass-through=-lgcc_s -plugin-opt=-pass-through=-lgcc --eh-frame-hdr -m elf_x86_64 -export-dynamic -dynamic-linker /lib64/ld-linux-x86-64.so.2 -o cmTC_faa9b /usr/lib/../lib64/crt1.o /usr/lib/../lib64/crti.o /gpfs/apps/MN4/GCC/7.1.0/bin/../lib/gcc/x86_64-pc-linux-gnu/7.1.0/crtbegin.o -L/gpfs/apps/MN4/GCC/7.1.0/bin/../lib/gcc/x86_64-pc-linux-gnu/7.1.0 -L/gpfs/apps/MN4/GCC/7.1.0/bin/../lib/gcc -L/apps/GCC/7.1.0/lib64/../lib64 -L/gpfs/apps/MN4/GCC/7.1.0/bin/../lib/gcc/x86_64-pc-linux-gnu/7.1.0/../../../../lib64 -L/lib/../lib64 -L/usr/lib/../lib64 -L/apps/GCC/7.1.0/lib/gcc/x86_64-pc-linux-gnu/7.1.0 -L/apps/GCC/7.1.0/lib64 -L/gpfs/apps/MN4/GCC/7.1.0/bin/../lib/gcc/x86_64-pc-linux-gnu/7.1.0/../../.. CMakeFiles/cmTC_faa9b.dir/CMakeCXXCompilerABI.cpp.o -lstdc++ -lm -lgcc_s -lgcc -lc -lgcc_s -lgcc /gpfs/apps/MN4/GCC/7.1.0/bin/../lib/gcc/x86_64-pc-linux-gnu/7.1.0/crtend.o /usr/lib/../lib64/crtn.o
COLLECT_GCC_OPTIONS='-march=skylake-avx512' '-mtune=skylake-avx512' '-m64' '-fPIC' '-v' '-o' 'cmTC_faa9b' '-rdynamic' '-shared-libgcc'
gmake[1]: Leaving directory '/gpfs/home/bsc15/bsc15982/nest-simulator/change/CMakeFiles/CMakeTmp'


Parsed CXX implicit link information from above output:
  link line regex: [^( *|.*[/\])(ld|([^/\]+-)?ld|collect2)[^/\]*( |$)]
  ignore line: [Change Dir: /home/bsc15/bsc15982/nest-simulator/change/CMakeFiles/CMakeTmp]
  ignore line: []
  ignore line: [Run Build Command:"/usr/bin/gmake" "cmTC_faa9b/fast"]
  ignore line: [/usr/bin/gmake -f CMakeFiles/cmTC_faa9b.dir/build.make CMakeFiles/cmTC_faa9b.dir/build]
  ignore line: [gmake[1]: Entering directory '/gpfs/home/bsc15/bsc15982/nest-simulator/change/CMakeFiles/CMakeTmp']
  ignore line: [Building CXX object CMakeFiles/cmTC_faa9b.dir/CMakeCXXCompilerABI.cpp.o]
  ignore line: [/apps/GCC/7.1.0/bin/g++     -march=skylake-avx512 -mtune=skylake-avx512 -m64 -fPIC     -o CMakeFiles/cmTC_faa9b.dir/CMakeCXXCompilerABI.cpp.o -c /usr/share/cmake/Modules/CMakeCXXCompilerABI.cpp]
  ignore line: [Linking CXX executable cmTC_faa9b]
  ignore line: [/usr/bin/cmake -E cmake_link_script CMakeFiles/cmTC_faa9b.dir/link.txt --verbose=1]
  ignore line: [/apps/GCC/7.1.0/bin/g++   -march=skylake-avx512 -mtune=skylake-avx512 -m64 -fPIC     -v CMakeFiles/cmTC_faa9b.dir/CMakeCXXCompilerABI.cpp.o  -o cmTC_faa9b -rdynamic  ]
  ignore line: [Using built-in specs.]
  ignore line: [COLLECT_GCC=/apps/GCC/7.1.0/bin/g++]
  ignore line: [COLLECT_LTO_WRAPPER=/gpfs/apps/MN4/GCC/7.1.0/bin/../libexec/gcc/x86_64-pc-linux-gnu/7.1.0/lto-wrapper]
  ignore line: [Target: x86_64-pc-linux-gnu]
  ignore line: [Configured with: ../configure --prefix=/apps/GCC/7.1.0 --disable-multilib --enable-languages=c,c++,objc,fortran,obj-c++]
  ignore line: [Thread model: posix]
  ignore line: [gcc version 7.1.0 (GCC) ]
  ignore line: [COMPILER_PATH=/gpfs/apps/MN4/GCC/7.1.0/bin/../libexec/gcc/x86_64-pc-linux-gnu/7.1.0/:/gpfs/apps/MN4/GCC/7.1.0/bin/../libexec/gcc/]
  ignore line: [LIBRARY_PATH=/gpfs/apps/MN4/GCC/7.1.0/bin/../lib/gcc/x86_64-pc-linux-gnu/7.1.0/:/gpfs/apps/MN4/GCC/7.1.0/bin/../lib/gcc/:/apps/GCC/7.1.0/lib64/../lib64/:/gpfs/apps/MN4/GCC/7.1.0/bin/../lib/gcc/x86_64-pc-linux-gnu/7.1.0/../../../../lib64/:/lib/../lib64/:/usr/lib/../lib64/:/apps/GCC/7.1.0/lib/gcc/x86_64-pc-linux-gnu/7.1.0/:/apps/GCC/7.1.0/lib64/:/gpfs/apps/MN4/GCC/7.1.0/bin/../lib/gcc/x86_64-pc-linux-gnu/7.1.0/../../../:/lib/:/usr/lib/]
  ignore line: [COLLECT_GCC_OPTIONS='-march=skylake-avx512' '-mtune=skylake-avx512' '-m64' '-fPIC' '-v' '-o' 'cmTC_faa9b' '-rdynamic' '-shared-libgcc']
  link line: [ /gpfs/apps/MN4/GCC/7.1.0/bin/../libexec/gcc/x86_64-pc-linux-gnu/7.1.0/collect2 -plugin /gpfs/apps/MN4/GCC/7.1.0/bin/../libexec/gcc/x86_64-pc-linux-gnu/7.1.0/liblto_plugin.so -plugin-opt=/gpfs/apps/MN4/GCC/7.1.0/bin/../libexec/gcc/x86_64-pc-linux-gnu/7.1.0/lto-wrapper -plugin-opt=-fresolution=/scratch/tmp/cc5c8qbz.res -plugin-opt=-pass-through=-lgcc_s -plugin-opt=-pass-through=-lgcc -plugin-opt=-pass-through=-lc -plugin-opt=-pass-through=-lgcc_s -plugin-opt=-pass-through=-lgcc --eh-frame-hdr -m elf_x86_64 -export-dynamic -dynamic-linker /lib64/ld-linux-x86-64.so.2 -o cmTC_faa9b /usr/lib/../lib64/crt1.o /usr/lib/../lib64/crti.o /gpfs/apps/MN4/GCC/7.1.0/bin/../lib/gcc/x86_64-pc-linux-gnu/7.1.0/crtbegin.o -L/gpfs/apps/MN4/GCC/7.1.0/bin/../lib/gcc/x86_64-pc-linux-gnu/7.1.0 -L/gpfs/apps/MN4/GCC/7.1.0/bin/../lib/gcc -L/apps/GCC/7.1.0/lib64/../lib64 -L/gpfs/apps/MN4/GCC/7.1.0/bin/../lib/gcc/x86_64-pc-linux-gnu/7.1.0/../../../../lib64 -L/lib/../lib64 -L/usr/lib/../lib64 -L/apps/GCC/7.1.0/lib/gcc/x86_64-pc-linux-gnu/7.1.0 -L/apps/GCC/7.1.0/lib64 -L/gpfs/apps/MN4/GCC/7.1.0/bin/../lib/gcc/x86_64-pc-linux-gnu/7.1.0/../../.. CMakeFiles/cmTC_faa9b.dir/CMakeCXXCompilerABI.cpp.o -lstdc++ -lm -lgcc_s -lgcc -lc -lgcc_s -lgcc /gpfs/apps/MN4/GCC/7.1.0/bin/../lib/gcc/x86_64-pc-linux-gnu/7.1.0/crtend.o /usr/lib/../lib64/crtn.o]
    arg [/gpfs/apps/MN4/GCC/7.1.0/bin/../libexec/gcc/x86_64-pc-linux-gnu/7.1.0/collect2] ==> ignore
    arg [-plugin] ==> ignore
    arg [/gpfs/apps/MN4/GCC/7.1.0/bin/../libexec/gcc/x86_64-pc-linux-gnu/7.1.0/liblto_plugin.so] ==> ignore
    arg [-plugin-opt=/gpfs/apps/MN4/GCC/7.1.0/bin/../libexec/gcc/x86_64-pc-linux-gnu/7.1.0/lto-wrapper] ==> ignore
    arg [-plugin-opt=-fresolution=/scratch/tmp/cc5c8qbz.res] ==> ignore
    arg [-plugin-opt=-pass-through=-lgcc_s] ==> ignore
    arg [-plugin-opt=-pass-through=-lgcc] ==> ignore
    arg [-plugin-opt=-pass-through=-lc] ==> ignore
    arg [-plugin-opt=-pass-through=-lgcc_s] ==> ignore
    arg [-plugin-opt=-pass-through=-lgcc] ==> ignore
    arg [--eh-frame-hdr] ==> ignore
    arg [-m] ==> ignore
    arg [elf_x86_64] ==> ignore
    arg [-export-dynamic] ==> ignore
    arg [-dynamic-linker] ==> ignore
    arg [/lib64/ld-linux-x86-64.so.2] ==> ignore
    arg [-o] ==> ignore
    arg [cmTC_faa9b] ==> ignore
    arg [/usr/lib/../lib64/crt1.o] ==> ignore
    arg [/usr/lib/../lib64/crti.o] ==> ignore
    arg [/gpfs/apps/MN4/GCC/7.1.0/bin/../lib/gcc/x86_64-pc-linux-gnu/7.1.0/crtbegin.o] ==> ignore
    arg [-L/gpfs/apps/MN4/GCC/7.1.0/bin/../lib/gcc/x86_64-pc-linux-gnu/7.1.0] ==> dir [/gpfs/apps/MN4/GCC/7.1.0/bin/../lib/gcc/x86_64-pc-linux-gnu/7.1.0]
    arg [-L/gpfs/apps/MN4/GCC/7.1.0/bin/../lib/gcc] ==> dir [/gpfs/apps/MN4/GCC/7.1.0/bin/../lib/gcc]
    arg [-L/apps/GCC/7.1.0/lib64/../lib64] ==> dir [/apps/GCC/7.1.0/lib64/../lib64]
    arg [-L/gpfs/apps/MN4/GCC/7.1.0/bin/../lib/gcc/x86_64-pc-linux-gnu/7.1.0/../../../../lib64] ==> dir [/gpfs/apps/MN4/GCC/7.1.0/bin/../lib/gcc/x86_64-pc-linux-gnu/7.1.0/../../../../lib64]
    arg [-L/lib/../lib64] ==> dir [/lib/../lib64]
    arg [-L/usr/lib/../lib64] ==> dir [/usr/lib/../lib64]
    arg [-L/apps/GCC/7.1.0/lib/gcc/x86_64-pc-linux-gnu/7.1.0] ==> dir [/apps/GCC/7.1.0/lib/gcc/x86_64-pc-linux-gnu/7.1.0]
    arg [-L/apps/GCC/7.1.0/lib64] ==> dir [/apps/GCC/7.1.0/lib64]
    arg [-L/gpfs/apps/MN4/GCC/7.1.0/bin/../lib/gcc/x86_64-pc-linux-gnu/7.1.0/../../..] ==> dir [/gpfs/apps/MN4/GCC/7.1.0/bin/../lib/gcc/x86_64-pc-linux-gnu/7.1.0/../../..]
    arg [CMakeFiles/cmTC_faa9b.dir/CMakeCXXCompilerABI.cpp.o] ==> ignore
    arg [-lstdc++] ==> lib [stdc++]
    arg [-lm] ==> lib [m]
    arg [-lgcc_s] ==> lib [gcc_s]
    arg [-lgcc] ==> lib [gcc]
    arg [-lc] ==> lib [c]
    arg [-lgcc_s] ==> lib [gcc_s]
    arg [-lgcc] ==> lib [gcc]
    arg [/gpfs/apps/MN4/GCC/7.1.0/bin/../lib/gcc/x86_64-pc-linux-gnu/7.1.0/crtend.o] ==> ignore
    arg [/usr/lib/../lib64/crtn.o] ==> ignore
  remove lib [gcc_s]
  remove lib [gcc]
  remove lib [gcc_s]
  remove lib [gcc]
  collapse library dir [/gpfs/apps/MN4/GCC/7.1.0/bin/../lib/gcc/x86_64-pc-linux-gnu/7.1.0] ==> [/gpfs/apps/MN4/GCC/7.1.0/lib/gcc/x86_64-pc-linux-gnu/7.1.0]
  collapse library dir [/gpfs/apps/MN4/GCC/7.1.0/bin/../lib/gcc] ==> [/gpfs/apps/MN4/GCC/7.1.0/lib/gcc]
  collapse library dir [/apps/GCC/7.1.0/lib64/../lib64] ==> [/apps/GCC/7.1.0/lib64]
  collapse library dir [/gpfs/apps/MN4/GCC/7.1.0/bin/../lib/gcc/x86_64-pc-linux-gnu/7.1.0/../../../../lib64] ==> [/gpfs/apps/MN4/GCC/7.1.0/lib64]
  collapse library dir [/lib/../lib64] ==> [/lib64]
  collapse library dir [/usr/lib/../lib64] ==> [/usr/lib64]
  collapse library dir [/apps/GCC/7.1.0/lib/gcc/x86_64-pc-linux-gnu/7.1.0] ==> [/apps/GCC/7.1.0/lib/gcc/x86_64-pc-linux-gnu/7.1.0]
  collapse library dir [/apps/GCC/7.1.0/lib64] ==> [/apps/GCC/7.1.0/lib64]
  collapse library dir [/gpfs/apps/MN4/GCC/7.1.0/bin/../lib/gcc/x86_64-pc-linux-gnu/7.1.0/../../..] ==> [/gpfs/apps/MN4/GCC/7.1.0/lib]
  implicit libs: [stdc++;m;c]
  implicit dirs: [/gpfs/apps/MN4/GCC/7.1.0/lib/gcc/x86_64-pc-linux-gnu/7.1.0;/gpfs/apps/MN4/GCC/7.1.0/lib/gcc;/apps/GCC/7.1.0/lib64;/gpfs/apps/MN4/GCC/7.1.0/lib64;/lib64;/usr/lib64;/apps/GCC/7.1.0/lib/gcc/x86_64-pc-linux-gnu/7.1.0;/gpfs/apps/MN4/GCC/7.1.0/lib]
  implicit fwks: []




Detecting CXX [-std=c++14] compiler features compiled with the following output:
Change Dir: /home/bsc15/bsc15982/nest-simulator/change/CMakeFiles/CMakeTmp

Run Build Command:"/usr/bin/gmake" "cmTC_4d0e4/fast"
/usr/bin/gmake -f CMakeFiles/cmTC_4d0e4.dir/build.make CMakeFiles/cmTC_4d0e4.dir/build
gmake[1]: Entering directory '/gpfs/home/bsc15/bsc15982/nest-simulator/change/CMakeFiles/CMakeTmp'
Building CXX object CMakeFiles/cmTC_4d0e4.dir/feature_tests.cxx.o
/apps/GCC/7.1.0/bin/g++     -march=skylake-avx512 -mtune=skylake-avx512 -m64 -fPIC     -std=c++14 -o CMakeFiles/cmTC_4d0e4.dir/feature_tests.cxx.o -c /home/bsc15/bsc15982/nest-simulator/change/CMakeFiles/feature_tests.cxx
Linking CXX executable cmTC_4d0e4
/usr/bin/cmake -E cmake_link_script CMakeFiles/cmTC_4d0e4.dir/link.txt --verbose=1
/apps/GCC/7.1.0/bin/g++   -march=skylake-avx512 -mtune=skylake-avx512 -m64 -fPIC      CMakeFiles/cmTC_4d0e4.dir/feature_tests.cxx.o  -o cmTC_4d0e4 -rdynamic 
gmake[1]: Leaving directory '/gpfs/home/bsc15/bsc15982/nest-simulator/change/CMakeFiles/CMakeTmp'


    Feature record: CXX_FEATURE:1cxx_aggregate_default_initializers
    Feature record: CXX_FEATURE:1cxx_alias_templates
    Feature record: CXX_FEATURE:1cxx_alignas
    Feature record: CXX_FEATURE:1cxx_alignof
    Feature record: CXX_FEATURE:1cxx_attributes
    Feature record: CXX_FEATURE:1cxx_attribute_deprecated
    Feature record: CXX_FEATURE:1cxx_auto_type
    Feature record: CXX_FEATURE:1cxx_binary_literals
    Feature record: CXX_FEATURE:1cxx_constexpr
    Feature record: CXX_FEATURE:1cxx_contextual_conversions
    Feature record: CXX_FEATURE:1cxx_decltype
    Feature record: CXX_FEATURE:1cxx_decltype_auto
    Feature record: CXX_FEATURE:1cxx_decltype_incomplete_return_types
    Feature record: CXX_FEATURE:1cxx_default_function_template_args
    Feature record: CXX_FEATURE:1cxx_defaulted_functions
    Feature record: CXX_FEATURE:1cxx_defaulted_move_initializers
    Feature record: CXX_FEATURE:1cxx_delegating_constructors
    Feature record: CXX_FEATURE:1cxx_deleted_functions
    Feature record: CXX_FEATURE:1cxx_digit_separators
    Feature record: CXX_FEATURE:1cxx_enum_forward_declarations
    Feature record: CXX_FEATURE:1cxx_explicit_conversions
    Feature record: CXX_FEATURE:1cxx_extended_friend_declarations
    Feature record: CXX_FEATURE:1cxx_extern_templates
    Feature record: CXX_FEATURE:1cxx_final
    Feature record: CXX_FEATURE:1cxx_func_identifier
    Feature record: CXX_FEATURE:1cxx_generalized_initializers
    Feature record: CXX_FEATURE:1cxx_generic_lambdas
    Feature record: CXX_FEATURE:1cxx_inheriting_constructors
    Feature record: CXX_FEATURE:1cxx_inline_namespaces
    Feature record: CXX_FEATURE:1cxx_lambdas
    Feature record: CXX_FEATURE:1cxx_lambda_init_captures
    Feature record: CXX_FEATURE:1cxx_local_type_template_args
    Feature record: CXX_FEATURE:1cxx_long_long_type
    Feature record: CXX_FEATURE:1cxx_noexcept
    Feature record: CXX_FEATURE:1cxx_nonstatic_member_init
    Feature record: CXX_FEATURE:1cxx_nullptr
    Feature record: CXX_FEATURE:1cxx_override
    Feature record: CXX_FEATURE:1cxx_range_for
    Feature record: CXX_FEATURE:1cxx_raw_string_literals
    Feature record: CXX_FEATURE:1cxx_reference_qualified_functions
    Feature record: CXX_FEATURE:1cxx_relaxed_constexpr
    Feature record: CXX_FEATURE:1cxx_return_type_deduction
    Feature record: CXX_FEATURE:1cxx_right_angle_brackets
    Feature record: CXX_FEATURE:1cxx_rvalue_references
    Feature record: CXX_FEATURE:1cxx_sizeof_member
    Feature record: CXX_FEATURE:1cxx_static_assert
    Feature record: CXX_FEATURE:1cxx_strong_enums
    Feature record: CXX_FEATURE:1cxx_template_template_parameters
    Feature record: CXX_FEATURE:1cxx_thread_local
    Feature record: CXX_FEATURE:1cxx_trailing_return_types
    Feature record: CXX_FEATURE:1cxx_unicode_literals
    Feature record: CXX_FEATURE:1cxx_uniform_initialization
    Feature record: CXX_FEATURE:1cxx_unrestricted_unions
    Feature record: CXX_FEATURE:1cxx_user_literals
    Feature record: CXX_FEATURE:1cxx_variable_templates
    Feature record: CXX_FEATURE:1cxx_variadic_macros
    Feature record: CXX_FEATURE:1cxx_variadic_templates


Detecting CXX [-std=c++11] compiler features compiled with the following output:
Change Dir: /home/bsc15/bsc15982/nest-simulator/change/CMakeFiles/CMakeTmp

Run Build Command:"/usr/bin/gmake" "cmTC_4debd/fast"
/usr/bin/gmake -f CMakeFiles/cmTC_4debd.dir/build.make CMakeFiles/cmTC_4debd.dir/build
gmake[1]: Entering directory '/gpfs/home/bsc15/bsc15982/nest-simulator/change/CMakeFiles/CMakeTmp'
Building CXX object CMakeFiles/cmTC_4debd.dir/feature_tests.cxx.o
/apps/GCC/7.1.0/bin/g++     -march=skylake-avx512 -mtune=skylake-avx512 -m64 -fPIC     -std=c++11 -o CMakeFiles/cmTC_4debd.dir/feature_tests.cxx.o -c /home/bsc15/bsc15982/nest-simulator/change/CMakeFiles/feature_tests.cxx
Linking CXX executable cmTC_4debd
/usr/bin/cmake -E cmake_link_script CMakeFiles/cmTC_4debd.dir/link.txt --verbose=1
/apps/GCC/7.1.0/bin/g++   -march=skylake-avx512 -mtune=skylake-avx512 -m64 -fPIC      CMakeFiles/cmTC_4debd.dir/feature_tests.cxx.o  -o cmTC_4debd -rdynamic 
gmake[1]: Leaving directory '/gpfs/home/bsc15/bsc15982/nest-simulator/change/CMakeFiles/CMakeTmp'


    Feature record: CXX_FEATURE:0cxx_aggregate_default_initializers
    Feature record: CXX_FEATURE:1cxx_alias_templates
    Feature record: CXX_FEATURE:1cxx_alignas
    Feature record: CXX_FEATURE:1cxx_alignof
    Feature record: CXX_FEATURE:1cxx_attributes
    Feature record: CXX_FEATURE:0cxx_attribute_deprecated
    Feature record: CXX_FEATURE:1cxx_auto_type
    Feature record: CXX_FEATURE:0cxx_binary_literals
    Feature record: CXX_FEATURE:1cxx_constexpr
    Feature record: CXX_FEATURE:0cxx_contextual_conversions
    Feature record: CXX_FEATURE:1cxx_decltype
    Feature record: CXX_FEATURE:0cxx_decltype_auto
    Feature record: CXX_FEATURE:1cxx_decltype_incomplete_return_types
    Feature record: CXX_FEATURE:1cxx_default_function_template_args
    Feature record: CXX_FEATURE:1cxx_defaulted_functions
    Feature record: CXX_FEATURE:1cxx_defaulted_move_initializers
    Feature record: CXX_FEATURE:1cxx_delegating_constructors
    Feature record: CXX_FEATURE:1cxx_deleted_functions
    Feature record: CXX_FEATURE:0cxx_digit_separators
    Feature record: CXX_FEATURE:1cxx_enum_forward_declarations
    Feature record: CXX_FEATURE:1cxx_explicit_conversions
    Feature record: CXX_FEATURE:1cxx_extended_friend_declarations
    Feature record: CXX_FEATURE:1cxx_extern_templates
    Feature record: CXX_FEATURE:1cxx_final
    Feature record: CXX_FEATURE:1cxx_func_identifier
    Feature record: CXX_FEATURE:1cxx_generalized_initializers
    Feature record: CXX_FEATURE:0cxx_generic_lambdas
    Feature record: CXX_FEATURE:1cxx_inheriting_constructors
    Feature record: CXX_FEATURE:1cxx_inline_namespaces
    Feature record: CXX_FEATURE:1cxx_lambdas
    Feature record: CXX_FEATURE:0cxx_lambda_init_captures
    Feature record: CXX_FEATURE:1cxx_local_type_template_args
    Feature record: CXX_FEATURE:1cxx_long_long_type
    Feature record: CXX_FEATURE:1cxx_noexcept
    Feature record: CXX_FEATURE:1cxx_nonstatic_member_init
    Feature record: CXX_FEATURE:1cxx_nullptr
    Feature record: CXX_FEATURE:1cxx_override
    Feature record: CXX_FEATURE:1cxx_range_for
    Feature record: CXX_FEATURE:1cxx_raw_string_literals
    Feature record: CXX_FEATURE:1cxx_reference_qualified_functions
    Feature record: CXX_FEATURE:0cxx_relaxed_constexpr
    Feature record: CXX_FEATURE:0cxx_return_type_deduction
    Feature record: CXX_FEATURE:1cxx_right_angle_brackets
    Feature record: CXX_FEATURE:1cxx_rvalue_references
    Feature record: CXX_FEATURE:1cxx_sizeof_member
    Feature record: CXX_FEATURE:1cxx_static_assert
    Feature record: CXX_FEATURE:1cxx_strong_enums
    Feature record: CXX_FEATURE:1cxx_template_template_parameters
    Feature record: CXX_FEATURE:1cxx_thread_local
    Feature record: CXX_FEATURE:1cxx_trailing_return_types
    Feature record: CXX_FEATURE:1cxx_unicode_literals
    Feature record: CXX_FEATURE:1cxx_uniform_initialization
    Feature record: CXX_FEATURE:1cxx_unrestricted_unions
    Feature record: CXX_FEATURE:1cxx_user_literals
    Feature record: CXX_FEATURE:0cxx_variable_templates
    Feature record: CXX_FEATURE:1cxx_variadic_macros
    Feature record: CXX_FEATURE:1cxx_variadic_templates


Detecting CXX [-std=c++98] compiler features compiled with the following output:
Change Dir: /home/bsc15/bsc15982/nest-simulator/change/CMakeFiles/CMakeTmp

Run Build Command:"/usr/bin/gmake" "cmTC_83c46/fast"
/usr/bin/gmake -f CMakeFiles/cmTC_83c46.dir/build.make CMakeFiles/cmTC_83c46.dir/build
gmake[1]: Entering directory '/gpfs/home/bsc15/bsc15982/nest-simulator/change/CMakeFiles/CMakeTmp'
Building CXX object CMakeFiles/cmTC_83c46.dir/feature_tests.cxx.o
/apps/GCC/7.1.0/bin/g++     -march=skylake-avx512 -mtune=skylake-avx512 -m64 -fPIC     -std=c++98 -o CMakeFiles/cmTC_83c46.dir/feature_tests.cxx.o -c /home/bsc15/bsc15982/nest-simulator/change/CMakeFiles/feature_tests.cxx
Linking CXX executable cmTC_83c46
/usr/bin/cmake -E cmake_link_script CMakeFiles/cmTC_83c46.dir/link.txt --verbose=1
/apps/GCC/7.1.0/bin/g++   -march=skylake-avx512 -mtune=skylake-avx512 -m64 -fPIC      CMakeFiles/cmTC_83c46.dir/feature_tests.cxx.o  -o cmTC_83c46 -rdynamic 
gmake[1]: Leaving directory '/gpfs/home/bsc15/bsc15982/nest-simulator/change/CMakeFiles/CMakeTmp'


    Feature record: CXX_FEATURE:0cxx_aggregate_default_initializers
    Feature record: CXX_FEATURE:0cxx_alias_templates
    Feature record: CXX_FEATURE:0cxx_alignas
    Feature record: CXX_FEATURE:0cxx_alignof
    Feature record: CXX_FEATURE:0cxx_attributes
    Feature record: CXX_FEATURE:0cxx_attribute_deprecated
    Feature record: CXX_FEATURE:0cxx_auto_type
    Feature record: CXX_FEATURE:0cxx_binary_literals
    Feature record: CXX_FEATURE:0cxx_constexpr
    Feature record: CXX_FEATURE:0cxx_contextual_conversions
    Feature record: CXX_FEATURE:0cxx_decltype
    Feature record: CXX_FEATURE:0cxx_decltype_auto
    Feature record: CXX_FEATURE:0cxx_decltype_incomplete_return_types
    Feature record: CXX_FEATURE:0cxx_default_function_template_args
    Feature record: CXX_FEATURE:0cxx_defaulted_functions
    Feature record: CXX_FEATURE:0cxx_defaulted_move_initializers
    Feature record: CXX_FEATURE:0cxx_delegating_constructors
    Feature record: CXX_FEATURE:0cxx_deleted_functions
    Feature record: CXX_FEATURE:0cxx_digit_separators
    Feature record: CXX_FEATURE:0cxx_enum_forward_declarations
    Feature record: CXX_FEATURE:0cxx_explicit_conversions
    Feature record: CXX_FEATURE:0cxx_extended_friend_declarations
    Feature record: CXX_FEATURE:0cxx_extern_templates
    Feature record: CXX_FEATURE:0cxx_final
    Feature record: CXX_FEATURE:0cxx_func_identifier
    Feature record: CXX_FEATURE:0cxx_generalized_initializers
    Feature record: CXX_FEATURE:0cxx_generic_lambdas
    Feature record: CXX_FEATURE:0cxx_inheriting_constructors
    Feature record: CXX_FEATURE:0cxx_inline_namespaces
    Feature record: CXX_FEATURE:0cxx_lambdas
    Feature record: CXX_FEATURE:0cxx_lambda_init_captures
    Feature record: CXX_FEATURE:0cxx_local_type_template_args
    Feature record: CXX_FEATURE:0cxx_long_long_type
    Feature record: CXX_FEATURE:0cxx_noexcept
    Feature record: CXX_FEATURE:0cxx_nonstatic_member_init
    Feature record: CXX_FEATURE:0cxx_nullptr
    Feature record: CXX_FEATURE:0cxx_override
    Feature record: CXX_FEATURE:0cxx_range_for
    Feature record: CXX_FEATURE:0cxx_raw_string_literals
    Feature record: CXX_FEATURE:0cxx_reference_qualified_functions
    Feature record: CXX_FEATURE:0cxx_relaxed_constexpr
    Feature record: CXX_FEATURE:0cxx_return_type_deduction
    Feature record: CXX_FEATURE:0cxx_right_angle_brackets
    Feature record: CXX_FEATURE:0cxx_rvalue_references
    Feature record: CXX_FEATURE:0cxx_sizeof_member
    Feature record: CXX_FEATURE:0cxx_static_assert
    Feature record: CXX_FEATURE:0cxx_strong_enums
    Feature record: CXX_FEATURE:1cxx_template_template_parameters
    Feature record: CXX_FEATURE:0cxx_thread_local
    Feature record: CXX_FEATURE:0cxx_trailing_return_types
    Feature record: CXX_FEATURE:0cxx_unicode_literals
    Feature record: CXX_FEATURE:0cxx_uniform_initialization
    Feature record: CXX_FEATURE:0cxx_unrestricted_unions
    Feature record: CXX_FEATURE:0cxx_user_literals
    Feature record: CXX_FEATURE:0cxx_variable_templates
    Feature record: CXX_FEATURE:0cxx_variadic_macros
    Feature record: CXX_FEATURE:0cxx_variadic_templates
Determining if the C compiler works passed with the following output:
Change Dir: /home/bsc15/bsc15982/nest-simulator/change/CMakeFiles/CMakeTmp

Run Build Command:"/usr/bin/gmake" "cmTC_2a5e6/fast"
/usr/bin/gmake -f CMakeFiles/cmTC_2a5e6.dir/build.make CMakeFiles/cmTC_2a5e6.dir/build
gmake[1]: Entering directory '/gpfs/home/bsc15/bsc15982/nest-simulator/change/CMakeFiles/CMakeTmp'
Building C object CMakeFiles/cmTC_2a5e6.dir/testCCompiler.c.o
/apps/GCC/7.1.0/bin/gcc    -march=skylake-avx512 -mtune=skylake-avx512 -m64 -fPIC     -o CMakeFiles/cmTC_2a5e6.dir/testCCompiler.c.o   -c /home/bsc15/bsc15982/nest-simulator/change/CMakeFiles/CMakeTmp/testCCompiler.c
Linking C executable cmTC_2a5e6
/usr/bin/cmake -E cmake_link_script CMakeFiles/cmTC_2a5e6.dir/link.txt --verbose=1
/apps/GCC/7.1.0/bin/gcc  -march=skylake-avx512 -mtune=skylake-avx512 -m64 -fPIC      CMakeFiles/cmTC_2a5e6.dir/testCCompiler.c.o  -o cmTC_2a5e6 -rdynamic 
gmake[1]: Leaving directory '/gpfs/home/bsc15/bsc15982/nest-simulator/change/CMakeFiles/CMakeTmp'


Detecting C compiler ABI info compiled with the following output:
Change Dir: /home/bsc15/bsc15982/nest-simulator/change/CMakeFiles/CMakeTmp

Run Build Command:"/usr/bin/gmake" "cmTC_2b680/fast"
/usr/bin/gmake -f CMakeFiles/cmTC_2b680.dir/build.make CMakeFiles/cmTC_2b680.dir/build
gmake[1]: Entering directory '/gpfs/home/bsc15/bsc15982/nest-simulator/change/CMakeFiles/CMakeTmp'
Building C object CMakeFiles/cmTC_2b680.dir/CMakeCCompilerABI.c.o
/apps/GCC/7.1.0/bin/gcc    -march=skylake-avx512 -mtune=skylake-avx512 -m64 -fPIC     -o CMakeFiles/cmTC_2b680.dir/CMakeCCompilerABI.c.o   -c /usr/share/cmake/Modules/CMakeCCompilerABI.c
Linking C executable cmTC_2b680
/usr/bin/cmake -E cmake_link_script CMakeFiles/cmTC_2b680.dir/link.txt --verbose=1
/apps/GCC/7.1.0/bin/gcc  -march=skylake-avx512 -mtune=skylake-avx512 -m64 -fPIC     -v CMakeFiles/cmTC_2b680.dir/CMakeCCompilerABI.c.o  -o cmTC_2b680 -rdynamic  
Using built-in specs.
COLLECT_GCC=/apps/GCC/7.1.0/bin/gcc
COLLECT_LTO_WRAPPER=/gpfs/apps/MN4/GCC/7.1.0/bin/../libexec/gcc/x86_64-pc-linux-gnu/7.1.0/lto-wrapper
Target: x86_64-pc-linux-gnu
Configured with: ../configure --prefix=/apps/GCC/7.1.0 --disable-multilib --enable-languages=c,c++,objc,fortran,obj-c++
Thread model: posix
gcc version 7.1.0 (GCC) 
COMPILER_PATH=/gpfs/apps/MN4/GCC/7.1.0/bin/../libexec/gcc/x86_64-pc-linux-gnu/7.1.0/:/gpfs/apps/MN4/GCC/7.1.0/bin/../libexec/gcc/
LIBRARY_PATH=/gpfs/apps/MN4/GCC/7.1.0/bin/../lib/gcc/x86_64-pc-linux-gnu/7.1.0/:/gpfs/apps/MN4/GCC/7.1.0/bin/../lib/gcc/:/apps/GCC/7.1.0/lib64/../lib64/:/gpfs/apps/MN4/GCC/7.1.0/bin/../lib/gcc/x86_64-pc-linux-gnu/7.1.0/../../../../lib64/:/lib/../lib64/:/usr/lib/../lib64/:/apps/GCC/7.1.0/lib/gcc/x86_64-pc-linux-gnu/7.1.0/:/apps/GCC/7.1.0/lib64/:/gpfs/apps/MN4/GCC/7.1.0/bin/../lib/gcc/x86_64-pc-linux-gnu/7.1.0/../../../:/lib/:/usr/lib/
COLLECT_GCC_OPTIONS='-march=skylake-avx512' '-mtune=skylake-avx512' '-m64' '-fPIC' '-v' '-o' 'cmTC_2b680' '-rdynamic'
 /gpfs/apps/MN4/GCC/7.1.0/bin/../libexec/gcc/x86_64-pc-linux-gnu/7.1.0/collect2 -plugin /gpfs/apps/MN4/GCC/7.1.0/bin/../libexec/gcc/x86_64-pc-linux-gnu/7.1.0/liblto_plugin.so -plugin-opt=/gpfs/apps/MN4/GCC/7.1.0/bin/../libexec/gcc/x86_64-pc-linux-gnu/7.1.0/lto-wrapper -plugin-opt=-fresolution=/scratch/tmp/ccd9bouP.res -plugin-opt=-pass-through=-lgcc -plugin-opt=-pass-through=-lgcc_s -plugin-opt=-pass-through=-lc -plugin-opt=-pass-through=-lgcc -plugin-opt=-pass-through=-lgcc_s --eh-frame-hdr -m elf_x86_64 -export-dynamic -dynamic-linker /lib64/ld-linux-x86-64.so.2 -o cmTC_2b680 /usr/lib/../lib64/crt1.o /usr/lib/../lib64/crti.o /gpfs/apps/MN4/GCC/7.1.0/bin/../lib/gcc/x86_64-pc-linux-gnu/7.1.0/crtbegin.o -L/gpfs/apps/MN4/GCC/7.1.0/bin/../lib/gcc/x86_64-pc-linux-gnu/7.1.0 -L/gpfs/apps/MN4/GCC/7.1.0/bin/../lib/gcc -L/apps/GCC/7.1.0/lib64/../lib64 -L/gpfs/apps/MN4/GCC/7.1.0/bin/../lib/gcc/x86_64-pc-linux-gnu/7.1.0/../../../../lib64 -L/lib/../lib64 -L/usr/lib/../lib64 -L/apps/GCC/7.1.0/lib/gcc/x86_64-pc-linux-gnu/7.1.0 -L/apps/GCC/7.1.0/lib64 -L/gpfs/apps/MN4/GCC/7.1.0/bin/../lib/gcc/x86_64-pc-linux-gnu/7.1.0/../../.. CMakeFiles/cmTC_2b680.dir/CMakeCCompilerABI.c.o -lgcc --as-needed -lgcc_s --no-as-needed -lc -lgcc --as-needed -lgcc_s --no-as-needed /gpfs/apps/MN4/GCC/7.1.0/bin/../lib/gcc/x86_64-pc-linux-gnu/7.1.0/crtend.o /usr/lib/../lib64/crtn.o
COLLECT_GCC_OPTIONS='-march=skylake-avx512' '-mtune=skylake-avx512' '-m64' '-fPIC' '-v' '-o' 'cmTC_2b680' '-rdynamic'
gmake[1]: Leaving directory '/gpfs/home/bsc15/bsc15982/nest-simulator/change/CMakeFiles/CMakeTmp'


Parsed C implicit link information from above output:
  link line regex: [^( *|.*[/\])(ld|([^/\]+-)?ld|collect2)[^/\]*( |$)]
  ignore line: [Change Dir: /home/bsc15/bsc15982/nest-simulator/change/CMakeFiles/CMakeTmp]
  ignore line: []
  ignore line: [Run Build Command:"/usr/bin/gmake" "cmTC_2b680/fast"]
  ignore line: [/usr/bin/gmake -f CMakeFiles/cmTC_2b680.dir/build.make CMakeFiles/cmTC_2b680.dir/build]
  ignore line: [gmake[1]: Entering directory '/gpfs/home/bsc15/bsc15982/nest-simulator/change/CMakeFiles/CMakeTmp']
  ignore line: [Building C object CMakeFiles/cmTC_2b680.dir/CMakeCCompilerABI.c.o]
  ignore line: [/apps/GCC/7.1.0/bin/gcc    -march=skylake-avx512 -mtune=skylake-avx512 -m64 -fPIC     -o CMakeFiles/cmTC_2b680.dir/CMakeCCompilerABI.c.o   -c /usr/share/cmake/Modules/CMakeCCompilerABI.c]
  ignore line: [Linking C executable cmTC_2b680]
  ignore line: [/usr/bin/cmake -E cmake_link_script CMakeFiles/cmTC_2b680.dir/link.txt --verbose=1]
  ignore line: [/apps/GCC/7.1.0/bin/gcc  -march=skylake-avx512 -mtune=skylake-avx512 -m64 -fPIC     -v CMakeFiles/cmTC_2b680.dir/CMakeCCompilerABI.c.o  -o cmTC_2b680 -rdynamic  ]
  ignore line: [Using built-in specs.]
  ignore line: [COLLECT_GCC=/apps/GCC/7.1.0/bin/gcc]
  ignore line: [COLLECT_LTO_WRAPPER=/gpfs/apps/MN4/GCC/7.1.0/bin/../libexec/gcc/x86_64-pc-linux-gnu/7.1.0/lto-wrapper]
  ignore line: [Target: x86_64-pc-linux-gnu]
  ignore line: [Configured with: ../configure --prefix=/apps/GCC/7.1.0 --disable-multilib --enable-languages=c,c++,objc,fortran,obj-c++]
  ignore line: [Thread model: posix]
  ignore line: [gcc version 7.1.0 (GCC) ]
  ignore line: [COMPILER_PATH=/gpfs/apps/MN4/GCC/7.1.0/bin/../libexec/gcc/x86_64-pc-linux-gnu/7.1.0/:/gpfs/apps/MN4/GCC/7.1.0/bin/../libexec/gcc/]
  ignore line: [LIBRARY_PATH=/gpfs/apps/MN4/GCC/7.1.0/bin/../lib/gcc/x86_64-pc-linux-gnu/7.1.0/:/gpfs/apps/MN4/GCC/7.1.0/bin/../lib/gcc/:/apps/GCC/7.1.0/lib64/../lib64/:/gpfs/apps/MN4/GCC/7.1.0/bin/../lib/gcc/x86_64-pc-linux-gnu/7.1.0/../../../../lib64/:/lib/../lib64/:/usr/lib/../lib64/:/apps/GCC/7.1.0/lib/gcc/x86_64-pc-linux-gnu/7.1.0/:/apps/GCC/7.1.0/lib64/:/gpfs/apps/MN4/GCC/7.1.0/bin/../lib/gcc/x86_64-pc-linux-gnu/7.1.0/../../../:/lib/:/usr/lib/]
  ignore line: [COLLECT_GCC_OPTIONS='-march=skylake-avx512' '-mtune=skylake-avx512' '-m64' '-fPIC' '-v' '-o' 'cmTC_2b680' '-rdynamic']
  link line: [ /gpfs/apps/MN4/GCC/7.1.0/bin/../libexec/gcc/x86_64-pc-linux-gnu/7.1.0/collect2 -plugin /gpfs/apps/MN4/GCC/7.1.0/bin/../libexec/gcc/x86_64-pc-linux-gnu/7.1.0/liblto_plugin.so -plugin-opt=/gpfs/apps/MN4/GCC/7.1.0/bin/../libexec/gcc/x86_64-pc-linux-gnu/7.1.0/lto-wrapper -plugin-opt=-fresolution=/scratch/tmp/ccd9bouP.res -plugin-opt=-pass-through=-lgcc -plugin-opt=-pass-through=-lgcc_s -plugin-opt=-pass-through=-lc -plugin-opt=-pass-through=-lgcc -plugin-opt=-pass-through=-lgcc_s --eh-frame-hdr -m elf_x86_64 -export-dynamic -dynamic-linker /lib64/ld-linux-x86-64.so.2 -o cmTC_2b680 /usr/lib/../lib64/crt1.o /usr/lib/../lib64/crti.o /gpfs/apps/MN4/GCC/7.1.0/bin/../lib/gcc/x86_64-pc-linux-gnu/7.1.0/crtbegin.o -L/gpfs/apps/MN4/GCC/7.1.0/bin/../lib/gcc/x86_64-pc-linux-gnu/7.1.0 -L/gpfs/apps/MN4/GCC/7.1.0/bin/../lib/gcc -L/apps/GCC/7.1.0/lib64/../lib64 -L/gpfs/apps/MN4/GCC/7.1.0/bin/../lib/gcc/x86_64-pc-linux-gnu/7.1.0/../../../../lib64 -L/lib/../lib64 -L/usr/lib/../lib64 -L/apps/GCC/7.1.0/lib/gcc/x86_64-pc-linux-gnu/7.1.0 -L/apps/GCC/7.1.0/lib64 -L/gpfs/apps/MN4/GCC/7.1.0/bin/../lib/gcc/x86_64-pc-linux-gnu/7.1.0/../../.. CMakeFiles/cmTC_2b680.dir/CMakeCCompilerABI.c.o -lgcc --as-needed -lgcc_s --no-as-needed -lc -lgcc --as-needed -lgcc_s --no-as-needed /gpfs/apps/MN4/GCC/7.1.0/bin/../lib/gcc/x86_64-pc-linux-gnu/7.1.0/crtend.o /usr/lib/../lib64/crtn.o]
    arg [/gpfs/apps/MN4/GCC/7.1.0/bin/../libexec/gcc/x86_64-pc-linux-gnu/7.1.0/collect2] ==> ignore
    arg [-plugin] ==> ignore
    arg [/gpfs/apps/MN4/GCC/7.1.0/bin/../libexec/gcc/x86_64-pc-linux-gnu/7.1.0/liblto_plugin.so] ==> ignore
    arg [-plugin-opt=/gpfs/apps/MN4/GCC/7.1.0/bin/../libexec/gcc/x86_64-pc-linux-gnu/7.1.0/lto-wrapper] ==> ignore
    arg [-plugin-opt=-fresolution=/scratch/tmp/ccd9bouP.res] ==> ignore
    arg [-plugin-opt=-pass-through=-lgcc] ==> ignore
    arg [-plugin-opt=-pass-through=-lgcc_s] ==> ignore
    arg [-plugin-opt=-pass-through=-lc] ==> ignore
    arg [-plugin-opt=-pass-through=-lgcc] ==> ignore
    arg [-plugin-opt=-pass-through=-lgcc_s] ==> ignore
    arg [--eh-frame-hdr] ==> ignore
    arg [-m] ==> ignore
    arg [elf_x86_64] ==> ignore
    arg [-export-dynamic] ==> ignore
    arg [-dynamic-linker] ==> ignore
    arg [/lib64/ld-linux-x86-64.so.2] ==> ignore
    arg [-o] ==> ignore
    arg [cmTC_2b680] ==> ignore
    arg [/usr/lib/../lib64/crt1.o] ==> ignore
    arg [/usr/lib/../lib64/crti.o] ==> ignore
    arg [/gpfs/apps/MN4/GCC/7.1.0/bin/../lib/gcc/x86_64-pc-linux-gnu/7.1.0/crtbegin.o] ==> ignore
    arg [-L/gpfs/apps/MN4/GCC/7.1.0/bin/../lib/gcc/x86_64-pc-linux-gnu/7.1.0] ==> dir [/gpfs/apps/MN4/GCC/7.1.0/bin/../lib/gcc/x86_64-pc-linux-gnu/7.1.0]
    arg [-L/gpfs/apps/MN4/GCC/7.1.0/bin/../lib/gcc] ==> dir [/gpfs/apps/MN4/GCC/7.1.0/bin/../lib/gcc]
    arg [-L/apps/GCC/7.1.0/lib64/../lib64] ==> dir [/apps/GCC/7.1.0/lib64/../lib64]
    arg [-L/gpfs/apps/MN4/GCC/7.1.0/bin/../lib/gcc/x86_64-pc-linux-gnu/7.1.0/../../../../lib64] ==> dir [/gpfs/apps/MN4/GCC/7.1.0/bin/../lib/gcc/x86_64-pc-linux-gnu/7.1.0/../../../../lib64]
    arg [-L/lib/../lib64] ==> dir [/lib/../lib64]
    arg [-L/usr/lib/../lib64] ==> dir [/usr/lib/../lib64]
    arg [-L/apps/GCC/7.1.0/lib/gcc/x86_64-pc-linux-gnu/7.1.0] ==> dir [/apps/GCC/7.1.0/lib/gcc/x86_64-pc-linux-gnu/7.1.0]
    arg [-L/apps/GCC/7.1.0/lib64] ==> dir [/apps/GCC/7.1.0/lib64]
    arg [-L/gpfs/apps/MN4/GCC/7.1.0/bin/../lib/gcc/x86_64-pc-linux-gnu/7.1.0/../../..] ==> dir [/gpfs/apps/MN4/GCC/7.1.0/bin/../lib/gcc/x86_64-pc-linux-gnu/7.1.0/../../..]
    arg [CMakeFiles/cmTC_2b680.dir/CMakeCCompilerABI.c.o] ==> ignore
    arg [-lgcc] ==> lib [gcc]
    arg [--as-needed] ==> ignore
    arg [-lgcc_s] ==> lib [gcc_s]
    arg [--no-as-needed] ==> ignore
    arg [-lc] ==> lib [c]
    arg [-lgcc] ==> lib [gcc]
    arg [--as-needed] ==> ignore
    arg [-lgcc_s] ==> lib [gcc_s]
    arg [--no-as-needed] ==> ignore
    arg [/gpfs/apps/MN4/GCC/7.1.0/bin/../lib/gcc/x86_64-pc-linux-gnu/7.1.0/crtend.o] ==> ignore
    arg [/usr/lib/../lib64/crtn.o] ==> ignore
  remove lib [gcc]
  remove lib [gcc_s]
  remove lib [gcc]
  remove lib [gcc_s]
  collapse library dir [/gpfs/apps/MN4/GCC/7.1.0/bin/../lib/gcc/x86_64-pc-linux-gnu/7.1.0] ==> [/gpfs/apps/MN4/GCC/7.1.0/lib/gcc/x86_64-pc-linux-gnu/7.1.0]
  collapse library dir [/gpfs/apps/MN4/GCC/7.1.0/bin/../lib/gcc] ==> [/gpfs/apps/MN4/GCC/7.1.0/lib/gcc]
  collapse library dir [/apps/GCC/7.1.0/lib64/../lib64] ==> [/apps/GCC/7.1.0/lib64]
  collapse library dir [/gpfs/apps/MN4/GCC/7.1.0/bin/../lib/gcc/x86_64-pc-linux-gnu/7.1.0/../../../../lib64] ==> [/gpfs/apps/MN4/GCC/7.1.0/lib64]
  collapse library dir [/lib/../lib64] ==> [/lib64]
  collapse library dir [/usr/lib/../lib64] ==> [/usr/lib64]
  collapse library dir [/apps/GCC/7.1.0/lib/gcc/x86_64-pc-linux-gnu/7.1.0] ==> [/apps/GCC/7.1.0/lib/gcc/x86_64-pc-linux-gnu/7.1.0]
  collapse library dir [/apps/GCC/7.1.0/lib64] ==> [/apps/GCC/7.1.0/lib64]
  collapse library dir [/gpfs/apps/MN4/GCC/7.1.0/bin/../lib/gcc/x86_64-pc-linux-gnu/7.1.0/../../..] ==> [/gpfs/apps/MN4/GCC/7.1.0/lib]
  implicit libs: [c]
  implicit dirs: [/gpfs/apps/MN4/GCC/7.1.0/lib/gcc/x86_64-pc-linux-gnu/7.1.0;/gpfs/apps/MN4/GCC/7.1.0/lib/gcc;/apps/GCC/7.1.0/lib64;/gpfs/apps/MN4/GCC/7.1.0/lib64;/lib64;/usr/lib64;/apps/GCC/7.1.0/lib/gcc/x86_64-pc-linux-gnu/7.1.0;/gpfs/apps/MN4/GCC/7.1.0/lib]
  implicit fwks: []




Detecting C [-std=c11] compiler features compiled with the following output:
Change Dir: /home/bsc15/bsc15982/nest-simulator/change/CMakeFiles/CMakeTmp

Run Build Command:"/usr/bin/gmake" "cmTC_70c89/fast"
/usr/bin/gmake -f CMakeFiles/cmTC_70c89.dir/build.make CMakeFiles/cmTC_70c89.dir/build
gmake[1]: Entering directory '/gpfs/home/bsc15/bsc15982/nest-simulator/change/CMakeFiles/CMakeTmp'
Building C object CMakeFiles/cmTC_70c89.dir/feature_tests.c.o
/apps/GCC/7.1.0/bin/gcc    -march=skylake-avx512 -mtune=skylake-avx512 -m64 -fPIC     -std=c11 -o CMakeFiles/cmTC_70c89.dir/feature_tests.c.o   -c /home/bsc15/bsc15982/nest-simulator/change/CMakeFiles/feature_tests.c
Linking C executable cmTC_70c89
/usr/bin/cmake -E cmake_link_script CMakeFiles/cmTC_70c89.dir/link.txt --verbose=1
/apps/GCC/7.1.0/bin/gcc  -march=skylake-avx512 -mtune=skylake-avx512 -m64 -fPIC      CMakeFiles/cmTC_70c89.dir/feature_tests.c.o  -o cmTC_70c89 -rdynamic 
gmake[1]: Leaving directory '/gpfs/home/bsc15/bsc15982/nest-simulator/change/CMakeFiles/CMakeTmp'


    Feature record: C_FEATURE:1c_function_prototypes
    Feature record: C_FEATURE:1c_restrict
    Feature record: C_FEATURE:1c_static_assert
    Feature record: C_FEATURE:1c_variadic_macros


Detecting C [-std=c99] compiler features compiled with the following output:
Change Dir: /home/bsc15/bsc15982/nest-simulator/change/CMakeFiles/CMakeTmp

Run Build Command:"/usr/bin/gmake" "cmTC_8fdc9/fast"
/usr/bin/gmake -f CMakeFiles/cmTC_8fdc9.dir/build.make CMakeFiles/cmTC_8fdc9.dir/build
gmake[1]: Entering directory '/gpfs/home/bsc15/bsc15982/nest-simulator/change/CMakeFiles/CMakeTmp'
Building C object CMakeFiles/cmTC_8fdc9.dir/feature_tests.c.o
/apps/GCC/7.1.0/bin/gcc    -march=skylake-avx512 -mtune=skylake-avx512 -m64 -fPIC     -std=c99 -o CMakeFiles/cmTC_8fdc9.dir/feature_tests.c.o   -c /home/bsc15/bsc15982/nest-simulator/change/CMakeFiles/feature_tests.c
Linking C executable cmTC_8fdc9
/usr/bin/cmake -E cmake_link_script CMakeFiles/cmTC_8fdc9.dir/link.txt --verbose=1
/apps/GCC/7.1.0/bin/gcc  -march=skylake-avx512 -mtune=skylake-avx512 -m64 -fPIC      CMakeFiles/cmTC_8fdc9.dir/feature_tests.c.o  -o cmTC_8fdc9 -rdynamic 
gmake[1]: Leaving directory '/gpfs/home/bsc15/bsc15982/nest-simulator/change/CMakeFiles/CMakeTmp'


    Feature record: C_FEATURE:1c_function_prototypes
    Feature record: C_FEATURE:1c_restrict
    Feature record: C_FEATURE:0c_static_assert
    Feature record: C_FEATURE:1c_variadic_macros


Detecting C [-std=c90] compiler features compiled with the following output:
Change Dir: /home/bsc15/bsc15982/nest-simulator/change/CMakeFiles/CMakeTmp

Run Build Command:"/usr/bin/gmake" "cmTC_4cc0b/fast"
/usr/bin/gmake -f CMakeFiles/cmTC_4cc0b.dir/build.make CMakeFiles/cmTC_4cc0b.dir/build
gmake[1]: Entering directory '/gpfs/home/bsc15/bsc15982/nest-simulator/change/CMakeFiles/CMakeTmp'
Building C object CMakeFiles/cmTC_4cc0b.dir/feature_tests.c.o
/apps/GCC/7.1.0/bin/gcc    -march=skylake-avx512 -mtune=skylake-avx512 -m64 -fPIC     -std=c90 -o CMakeFiles/cmTC_4cc0b.dir/feature_tests.c.o   -c /home/bsc15/bsc15982/nest-simulator/change/CMakeFiles/feature_tests.c
Linking C executable cmTC_4cc0b
/usr/bin/cmake -E cmake_link_script CMakeFiles/cmTC_4cc0b.dir/link.txt --verbose=1
/apps/GCC/7.1.0/bin/gcc  -march=skylake-avx512 -mtune=skylake-avx512 -m64 -fPIC      CMakeFiles/cmTC_4cc0b.dir/feature_tests.c.o  -o cmTC_4cc0b -rdynamic 
gmake[1]: Leaving directory '/gpfs/home/bsc15/bsc15982/nest-simulator/change/CMakeFiles/CMakeTmp'


    Feature record: C_FEATURE:1c_function_prototypes
    Feature record: C_FEATURE:0c_restrict
    Feature record: C_FEATURE:0c_static_assert
    Feature record: C_FEATURE:0c_variadic_macros
Determining if files inttypes.h exist passed with the following output:
Change Dir: /home/bsc15/bsc15982/nest-simulator/change/CMakeFiles/CMakeTmp

Run Build Command:"/usr/bin/gmake" "cmTC_73008/fast"
/usr/bin/gmake -f CMakeFiles/cmTC_73008.dir/build.make CMakeFiles/cmTC_73008.dir/build
gmake[1]: Entering directory '/gpfs/home/bsc15/bsc15982/nest-simulator/change/CMakeFiles/CMakeTmp'
Building C object CMakeFiles/cmTC_73008.dir/CheckIncludeFiles.c.o
/apps/GCC/7.1.0/bin/gcc    -march=skylake-avx512 -mtune=skylake-avx512 -m64 -fPIC     -o CMakeFiles/cmTC_73008.dir/CheckIncludeFiles.c.o   -c /home/bsc15/bsc15982/nest-simulator/change/CMakeFiles/CMakeTmp/CheckIncludeFiles.c
Linking C executable cmTC_73008
/usr/bin/cmake -E cmake_link_script CMakeFiles/cmTC_73008.dir/link.txt --verbose=1
/apps/GCC/7.1.0/bin/gcc  -march=skylake-avx512 -mtune=skylake-avx512 -m64 -fPIC      CMakeFiles/cmTC_73008.dir/CheckIncludeFiles.c.o  -o cmTC_73008 -rdynamic 
gmake[1]: Leaving directory '/gpfs/home/bsc15/bsc15982/nest-simulator/change/CMakeFiles/CMakeTmp'


Determining if files memory.h exist passed with the following output:
Change Dir: /home/bsc15/bsc15982/nest-simulator/change/CMakeFiles/CMakeTmp

Run Build Command:"/usr/bin/gmake" "cmTC_ffc47/fast"
/usr/bin/gmake -f CMakeFiles/cmTC_ffc47.dir/build.make CMakeFiles/cmTC_ffc47.dir/build
gmake[1]: Entering directory '/gpfs/home/bsc15/bsc15982/nest-simulator/change/CMakeFiles/CMakeTmp'
Building C object CMakeFiles/cmTC_ffc47.dir/CheckIncludeFiles.c.o
/apps/GCC/7.1.0/bin/gcc    -march=skylake-avx512 -mtune=skylake-avx512 -m64 -fPIC     -o CMakeFiles/cmTC_ffc47.dir/CheckIncludeFiles.c.o   -c /home/bsc15/bsc15982/nest-simulator/change/CMakeFiles/CMakeTmp/CheckIncludeFiles.c
Linking C executable cmTC_ffc47
/usr/bin/cmake -E cmake_link_script CMakeFiles/cmTC_ffc47.dir/link.txt --verbose=1
/apps/GCC/7.1.0/bin/gcc  -march=skylake-avx512 -mtune=skylake-avx512 -m64 -fPIC      CMakeFiles/cmTC_ffc47.dir/CheckIncludeFiles.c.o  -o cmTC_ffc47 -rdynamic 
gmake[1]: Leaving directory '/gpfs/home/bsc15/bsc15982/nest-simulator/change/CMakeFiles/CMakeTmp'


Determining if files stdint.h exist passed with the following output:
Change Dir: /home/bsc15/bsc15982/nest-simulator/change/CMakeFiles/CMakeTmp

Run Build Command:"/usr/bin/gmake" "cmTC_720bf/fast"
/usr/bin/gmake -f CMakeFiles/cmTC_720bf.dir/build.make CMakeFiles/cmTC_720bf.dir/build
gmake[1]: Entering directory '/gpfs/home/bsc15/bsc15982/nest-simulator/change/CMakeFiles/CMakeTmp'
Building C object CMakeFiles/cmTC_720bf.dir/CheckIncludeFiles.c.o
/apps/GCC/7.1.0/bin/gcc    -march=skylake-avx512 -mtune=skylake-avx512 -m64 -fPIC     -o CMakeFiles/cmTC_720bf.dir/CheckIncludeFiles.c.o   -c /home/bsc15/bsc15982/nest-simulator/change/CMakeFiles/CMakeTmp/CheckIncludeFiles.c
Linking C executable cmTC_720bf
/usr/bin/cmake -E cmake_link_script CMakeFiles/cmTC_720bf.dir/link.txt --verbose=1
/apps/GCC/7.1.0/bin/gcc  -march=skylake-avx512 -mtune=skylake-avx512 -m64 -fPIC      CMakeFiles/cmTC_720bf.dir/CheckIncludeFiles.c.o  -o cmTC_720bf -rdynamic 
gmake[1]: Leaving directory '/gpfs/home/bsc15/bsc15982/nest-simulator/change/CMakeFiles/CMakeTmp'


Determining if files sys/types.h exist passed with the following output:
Change Dir: /home/bsc15/bsc15982/nest-simulator/change/CMakeFiles/CMakeTmp

Run Build Command:"/usr/bin/gmake" "cmTC_bee2f/fast"
/usr/bin/gmake -f CMakeFiles/cmTC_bee2f.dir/build.make CMakeFiles/cmTC_bee2f.dir/build
gmake[1]: Entering directory '/gpfs/home/bsc15/bsc15982/nest-simulator/change/CMakeFiles/CMakeTmp'
Building C object CMakeFiles/cmTC_bee2f.dir/CheckIncludeFiles.c.o
/apps/GCC/7.1.0/bin/gcc    -march=skylake-avx512 -mtune=skylake-avx512 -m64 -fPIC     -o CMakeFiles/cmTC_bee2f.dir/CheckIncludeFiles.c.o   -c /home/bsc15/bsc15982/nest-simulator/change/CMakeFiles/CMakeTmp/CheckIncludeFiles.c
Linking C executable cmTC_bee2f
/usr/bin/cmake -E cmake_link_script CMakeFiles/cmTC_bee2f.dir/link.txt --verbose=1
/apps/GCC/7.1.0/bin/gcc  -march=skylake-avx512 -mtune=skylake-avx512 -m64 -fPIC      CMakeFiles/cmTC_bee2f.dir/CheckIncludeFiles.c.o  -o cmTC_bee2f -rdynamic 
gmake[1]: Leaving directory '/gpfs/home/bsc15/bsc15982/nest-simulator/change/CMakeFiles/CMakeTmp'


Determining if the include file istream exists passed with the following output:
Change Dir: /home/bsc15/bsc15982/nest-simulator/change/CMakeFiles/CMakeTmp

Run Build Command:"/usr/bin/gmake" "cmTC_2c0de/fast"
/usr/bin/gmake -f CMakeFiles/cmTC_2c0de.dir/build.make CMakeFiles/cmTC_2c0de.dir/build
gmake[1]: Entering directory '/gpfs/home/bsc15/bsc15982/nest-simulator/change/CMakeFiles/CMakeTmp'
Building CXX object CMakeFiles/cmTC_2c0de.dir/CheckIncludeFile.cxx.o
/apps/GCC/7.1.0/bin/g++     -march=skylake-avx512 -mtune=skylake-avx512 -m64 -fPIC     -o CMakeFiles/cmTC_2c0de.dir/CheckIncludeFile.cxx.o -c /home/bsc15/bsc15982/nest-simulator/change/CMakeFiles/CMakeTmp/CheckIncludeFile.cxx
Linking CXX executable cmTC_2c0de
/usr/bin/cmake -E cmake_link_script CMakeFiles/cmTC_2c0de.dir/link.txt --verbose=1
/apps/GCC/7.1.0/bin/g++   -march=skylake-avx512 -mtune=skylake-avx512 -m64 -fPIC      CMakeFiles/cmTC_2c0de.dir/CheckIncludeFile.cxx.o  -o cmTC_2c0de -rdynamic 
gmake[1]: Leaving directory '/gpfs/home/bsc15/bsc15982/nest-simulator/change/CMakeFiles/CMakeTmp'


Determining if the include file ostream exists passed with the following output:
Change Dir: /home/bsc15/bsc15982/nest-simulator/change/CMakeFiles/CMakeTmp

Run Build Command:"/usr/bin/gmake" "cmTC_a548d/fast"
/usr/bin/gmake -f CMakeFiles/cmTC_a548d.dir/build.make CMakeFiles/cmTC_a548d.dir/build
gmake[1]: Entering directory '/gpfs/home/bsc15/bsc15982/nest-simulator/change/CMakeFiles/CMakeTmp'
Building CXX object CMakeFiles/cmTC_a548d.dir/CheckIncludeFile.cxx.o
/apps/GCC/7.1.0/bin/g++     -march=skylake-avx512 -mtune=skylake-avx512 -m64 -fPIC     -o CMakeFiles/cmTC_a548d.dir/CheckIncludeFile.cxx.o -c /home/bsc15/bsc15982/nest-simulator/change/CMakeFiles/CMakeTmp/CheckIncludeFile.cxx
Linking CXX executable cmTC_a548d
/usr/bin/cmake -E cmake_link_script CMakeFiles/cmTC_a548d.dir/link.txt --verbose=1
/apps/GCC/7.1.0/bin/g++   -march=skylake-avx512 -mtune=skylake-avx512 -m64 -fPIC      CMakeFiles/cmTC_a548d.dir/CheckIncludeFile.cxx.o  -o cmTC_a548d -rdynamic 
gmake[1]: Leaving directory '/gpfs/home/bsc15/bsc15982/nest-simulator/change/CMakeFiles/CMakeTmp'


Determining if the include file sstream exists passed with the following output:
Change Dir: /home/bsc15/bsc15982/nest-simulator/change/CMakeFiles/CMakeTmp

Run Build Command:"/usr/bin/gmake" "cmTC_4acac/fast"
/usr/bin/gmake -f CMakeFiles/cmTC_4acac.dir/build.make CMakeFiles/cmTC_4acac.dir/build
gmake[1]: Entering directory '/gpfs/home/bsc15/bsc15982/nest-simulator/change/CMakeFiles/CMakeTmp'
Building CXX object CMakeFiles/cmTC_4acac.dir/CheckIncludeFile.cxx.o
/apps/GCC/7.1.0/bin/g++     -march=skylake-avx512 -mtune=skylake-avx512 -m64 -fPIC     -o CMakeFiles/cmTC_4acac.dir/CheckIncludeFile.cxx.o -c /home/bsc15/bsc15982/nest-simulator/change/CMakeFiles/CMakeTmp/CheckIncludeFile.cxx
Linking CXX executable cmTC_4acac
/usr/bin/cmake -E cmake_link_script CMakeFiles/cmTC_4acac.dir/link.txt --verbose=1
/apps/GCC/7.1.0/bin/g++   -march=skylake-avx512 -mtune=skylake-avx512 -m64 -fPIC      CMakeFiles/cmTC_4acac.dir/CheckIncludeFile.cxx.o  -o cmTC_4acac -rdynamic 
gmake[1]: Leaving directory '/gpfs/home/bsc15/bsc15982/nest-simulator/change/CMakeFiles/CMakeTmp'


Determining if the include file stddef.h exists passed with the following output:
Change Dir: /home/bsc15/bsc15982/nest-simulator/change/CMakeFiles/CMakeTmp

Run Build Command:"/usr/bin/gmake" "cmTC_f1970/fast"
/usr/bin/gmake -f CMakeFiles/cmTC_f1970.dir/build.make CMakeFiles/cmTC_f1970.dir/build
gmake[1]: Entering directory '/gpfs/home/bsc15/bsc15982/nest-simulator/change/CMakeFiles/CMakeTmp'
Building C object CMakeFiles/cmTC_f1970.dir/CheckIncludeFile.c.o
/apps/GCC/7.1.0/bin/gcc    -march=skylake-avx512 -mtune=skylake-avx512 -m64 -fPIC     -o CMakeFiles/cmTC_f1970.dir/CheckIncludeFile.c.o   -c /home/bsc15/bsc15982/nest-simulator/change/CMakeFiles/CMakeTmp/CheckIncludeFile.c
Linking C executable cmTC_f1970
/usr/bin/cmake -E cmake_link_script CMakeFiles/cmTC_f1970.dir/link.txt --verbose=1
/apps/GCC/7.1.0/bin/gcc  -march=skylake-avx512 -mtune=skylake-avx512 -m64 -fPIC      CMakeFiles/cmTC_f1970.dir/CheckIncludeFile.c.o  -o cmTC_f1970 -rdynamic 
gmake[1]: Leaving directory '/gpfs/home/bsc15/bsc15982/nest-simulator/change/CMakeFiles/CMakeTmp'


Determining size of long long passed with the following output:
Change Dir: /home/bsc15/bsc15982/nest-simulator/change/CMakeFiles/CMakeTmp

Run Build Command:"/usr/bin/gmake" "cmTC_c89d8/fast"
/usr/bin/gmake -f CMakeFiles/cmTC_c89d8.dir/build.make CMakeFiles/cmTC_c89d8.dir/build
gmake[1]: Entering directory '/gpfs/home/bsc15/bsc15982/nest-simulator/change/CMakeFiles/CMakeTmp'
Building C object CMakeFiles/cmTC_c89d8.dir/LONG_LONG_SIZE.c.o
/apps/GCC/7.1.0/bin/gcc    -march=skylake-avx512 -mtune=skylake-avx512 -m64 -fPIC     -o CMakeFiles/cmTC_c89d8.dir/LONG_LONG_SIZE.c.o   -c /home/bsc15/bsc15982/nest-simulator/change/CMakeFiles/CheckTypeSize/LONG_LONG_SIZE.c
Linking C executable cmTC_c89d8
/usr/bin/cmake -E cmake_link_script CMakeFiles/cmTC_c89d8.dir/link.txt --verbose=1
/apps/GCC/7.1.0/bin/gcc  -march=skylake-avx512 -mtune=skylake-avx512 -m64 -fPIC      CMakeFiles/cmTC_c89d8.dir/LONG_LONG_SIZE.c.o  -o cmTC_c89d8 -rdynamic 
gmake[1]: Leaving directory '/gpfs/home/bsc15/bsc15982/nest-simulator/change/CMakeFiles/CMakeTmp'


Determining size of uint16_t passed with the following output:
Change Dir: /home/bsc15/bsc15982/nest-simulator/change/CMakeFiles/CMakeTmp

Run Build Command:"/usr/bin/gmake" "cmTC_0af38/fast"
/usr/bin/gmake -f CMakeFiles/cmTC_0af38.dir/build.make CMakeFiles/cmTC_0af38.dir/build
gmake[1]: Entering directory '/gpfs/home/bsc15/bsc15982/nest-simulator/change/CMakeFiles/CMakeTmp'
Building C object CMakeFiles/cmTC_0af38.dir/UINT16_T_SIZE.c.o
/apps/GCC/7.1.0/bin/gcc    -march=skylake-avx512 -mtune=skylake-avx512 -m64 -fPIC     -o CMakeFiles/cmTC_0af38.dir/UINT16_T_SIZE.c.o   -c /home/bsc15/bsc15982/nest-simulator/change/CMakeFiles/CheckTypeSize/UINT16_T_SIZE.c
Linking C executable cmTC_0af38
/usr/bin/cmake -E cmake_link_script CMakeFiles/cmTC_0af38.dir/link.txt --verbose=1
/apps/GCC/7.1.0/bin/gcc  -march=skylake-avx512 -mtune=skylake-avx512 -m64 -fPIC      CMakeFiles/cmTC_0af38.dir/UINT16_T_SIZE.c.o  -o cmTC_0af38 -rdynamic 
gmake[1]: Leaving directory '/gpfs/home/bsc15/bsc15982/nest-simulator/change/CMakeFiles/CMakeTmp'


Determining if the NAN exist passed with the following output:
Change Dir: /home/bsc15/bsc15982/nest-simulator/change/CMakeFiles/CMakeTmp

Run Build Command:"/usr/bin/gmake" "cmTC_46eae/fast"
/usr/bin/gmake -f CMakeFiles/cmTC_46eae.dir/build.make CMakeFiles/cmTC_46eae.dir/build
gmake[1]: Entering directory '/gpfs/home/bsc15/bsc15982/nest-simulator/change/CMakeFiles/CMakeTmp'
Building C object CMakeFiles/cmTC_46eae.dir/CheckSymbolExists.c.o
/apps/GCC/7.1.0/bin/gcc    -march=skylake-avx512 -mtune=skylake-avx512 -m64 -fPIC     -o CMakeFiles/cmTC_46eae.dir/CheckSymbolExists.c.o   -c /home/bsc15/bsc15982/nest-simulator/change/CMakeFiles/CMakeTmp/CheckSymbolExists.c
Linking C executable cmTC_46eae
/usr/bin/cmake -E cmake_link_script CMakeFiles/cmTC_46eae.dir/link.txt --verbose=1
/apps/GCC/7.1.0/bin/gcc  -march=skylake-avx512 -mtune=skylake-avx512 -m64 -fPIC      CMakeFiles/cmTC_46eae.dir/CheckSymbolExists.c.o  -o cmTC_46eae -rdynamic 
gmake[1]: Leaving directory '/gpfs/home/bsc15/bsc15982/nest-simulator/change/CMakeFiles/CMakeTmp'

File /home/bsc15/bsc15982/nest-simulator/change/CMakeFiles/CMakeTmp/CheckSymbolExists.c:
/* */
#include <math.h>

int main(int argc, char** argv)
{
  (void)argv;
#ifndef NAN
  return ((int*)(&NAN))[argc];
#else
  (void)argc;
  return 0;
#endif
}

Determining if the isnan exist passed with the following output:
Change Dir: /home/bsc15/bsc15982/nest-simulator/change/CMakeFiles/CMakeTmp

Run Build Command:"/usr/bin/gmake" "cmTC_f57aa/fast"
/usr/bin/gmake -f CMakeFiles/cmTC_f57aa.dir/build.make CMakeFiles/cmTC_f57aa.dir/build
gmake[1]: Entering directory '/gpfs/home/bsc15/bsc15982/nest-simulator/change/CMakeFiles/CMakeTmp'
Building C object CMakeFiles/cmTC_f57aa.dir/CheckSymbolExists.c.o
/apps/GCC/7.1.0/bin/gcc    -march=skylake-avx512 -mtune=skylake-avx512 -m64 -fPIC     -o CMakeFiles/cmTC_f57aa.dir/CheckSymbolExists.c.o   -c /home/bsc15/bsc15982/nest-simulator/change/CMakeFiles/CMakeTmp/CheckSymbolExists.c
Linking C executable cmTC_f57aa
/usr/bin/cmake -E cmake_link_script CMakeFiles/cmTC_f57aa.dir/link.txt --verbose=1
/apps/GCC/7.1.0/bin/gcc  -march=skylake-avx512 -mtune=skylake-avx512 -m64 -fPIC      CMakeFiles/cmTC_f57aa.dir/CheckSymbolExists.c.o  -o cmTC_f57aa -rdynamic 
gmake[1]: Leaving directory '/gpfs/home/bsc15/bsc15982/nest-simulator/change/CMakeFiles/CMakeTmp'

File /home/bsc15/bsc15982/nest-simulator/change/CMakeFiles/CMakeTmp/CheckSymbolExists.c:
/* */
#include <math.h>

int main(int argc, char** argv)
{
  (void)argv;
#ifndef isnan
  return ((int*)(&isnan))[argc];
#else
  (void)argc;
  return 0;
#endif
}

Determining if the M_E exist passed with the following output:
Change Dir: /home/bsc15/bsc15982/nest-simulator/change/CMakeFiles/CMakeTmp

Run Build Command:"/usr/bin/gmake" "cmTC_e8583/fast"
/usr/bin/gmake -f CMakeFiles/cmTC_e8583.dir/build.make CMakeFiles/cmTC_e8583.dir/build
gmake[1]: Entering directory '/gpfs/home/bsc15/bsc15982/nest-simulator/change/CMakeFiles/CMakeTmp'
Building CXX object CMakeFiles/cmTC_e8583.dir/CheckSymbolExists.cxx.o
/apps/GCC/7.1.0/bin/g++     -march=skylake-avx512 -mtune=skylake-avx512 -m64 -fPIC     -o CMakeFiles/cmTC_e8583.dir/CheckSymbolExists.cxx.o -c /home/bsc15/bsc15982/nest-simulator/change/CMakeFiles/CMakeTmp/CheckSymbolExists.cxx
Linking CXX executable cmTC_e8583
/usr/bin/cmake -E cmake_link_script CMakeFiles/cmTC_e8583.dir/link.txt --verbose=1
/apps/GCC/7.1.0/bin/g++   -march=skylake-avx512 -mtune=skylake-avx512 -m64 -fPIC      CMakeFiles/cmTC_e8583.dir/CheckSymbolExists.cxx.o  -o cmTC_e8583 -rdynamic 
gmake[1]: Leaving directory '/gpfs/home/bsc15/bsc15982/nest-simulator/change/CMakeFiles/CMakeTmp'

File /home/bsc15/bsc15982/nest-simulator/change/CMakeFiles/CMakeTmp/CheckSymbolExists.cxx:
/* */
#include <cmath>

int main(int argc, char** argv)
{
  (void)argv;
#ifndef M_E
  return ((int*)(&M_E))[argc];
#else
  (void)argc;
  return 0;
#endif
}

Determining if the M_PI exist passed with the following output:
Change Dir: /home/bsc15/bsc15982/nest-simulator/change/CMakeFiles/CMakeTmp

Run Build Command:"/usr/bin/gmake" "cmTC_58d53/fast"
/usr/bin/gmake -f CMakeFiles/cmTC_58d53.dir/build.make CMakeFiles/cmTC_58d53.dir/build
gmake[1]: Entering directory '/gpfs/home/bsc15/bsc15982/nest-simulator/change/CMakeFiles/CMakeTmp'
Building CXX object CMakeFiles/cmTC_58d53.dir/CheckSymbolExists.cxx.o
/apps/GCC/7.1.0/bin/g++     -march=skylake-avx512 -mtune=skylake-avx512 -m64 -fPIC     -o CMakeFiles/cmTC_58d53.dir/CheckSymbolExists.cxx.o -c /home/bsc15/bsc15982/nest-simulator/change/CMakeFiles/CMakeTmp/CheckSymbolExists.cxx
Linking CXX executable cmTC_58d53
/usr/bin/cmake -E cmake_link_script CMakeFiles/cmTC_58d53.dir/link.txt --verbose=1
/apps/GCC/7.1.0/bin/g++   -march=skylake-avx512 -mtune=skylake-avx512 -m64 -fPIC      CMakeFiles/cmTC_58d53.dir/CheckSymbolExists.cxx.o  -o cmTC_58d53 -rdynamic 
gmake[1]: Leaving directory '/gpfs/home/bsc15/bsc15982/nest-simulator/change/CMakeFiles/CMakeTmp'

File /home/bsc15/bsc15982/nest-simulator/change/CMakeFiles/CMakeTmp/CheckSymbolExists.cxx:
/* */
#include <cmath>

int main(int argc, char** argv)
{
  (void)argv;
#ifndef M_PI
  return ((int*)(&M_PI))[argc];
#else
  (void)argc;
  return 0;
#endif
}

Performing C SOURCE FILE Test OpenMP_FLAG_DETECTED succeeded with the following output:
Change Dir: /home/bsc15/bsc15982/nest-simulator/change/CMakeFiles/CMakeTmp

Run Build Command:"/usr/bin/gmake" "cmTC_25807/fast"
/usr/bin/gmake -f CMakeFiles/cmTC_25807.dir/build.make CMakeFiles/cmTC_25807.dir/build
gmake[1]: Entering directory '/gpfs/home/bsc15/bsc15982/nest-simulator/change/CMakeFiles/CMakeTmp'
Building C object CMakeFiles/cmTC_25807.dir/src.c.o
/apps/GCC/7.1.0/bin/gcc    -march=skylake-avx512 -mtune=skylake-avx512 -m64 -fPIC  -O2 -Wall -DOpenMP_FLAG_DETECTED -fopenmp   -o CMakeFiles/cmTC_25807.dir/src.c.o   -c /home/bsc15/bsc15982/nest-simulator/change/CMakeFiles/CMakeTmp/src.c
Linking C executable cmTC_25807
/usr/bin/cmake -E cmake_link_script CMakeFiles/cmTC_25807.dir/link.txt --verbose=1
/apps/GCC/7.1.0/bin/gcc  -march=skylake-avx512 -mtune=skylake-avx512 -m64 -fPIC  -O2 -Wall -DOpenMP_FLAG_DETECTED -fopenmp    CMakeFiles/cmTC_25807.dir/src.c.o  -o cmTC_25807 -rdynamic 
gmake[1]: Leaving directory '/gpfs/home/bsc15/bsc15982/nest-simulator/change/CMakeFiles/CMakeTmp'

Source file was:

#include <omp.h>
int main() {
#ifdef _OPENMP
  return 0;
#else
  breaks_on_purpose
#endif
}

Performing C++ SOURCE FILE Test OpenMP_FLAG_DETECTED succeeded with the following output:
Change Dir: /home/bsc15/bsc15982/nest-simulator/change/CMakeFiles/CMakeTmp

Run Build Command:"/usr/bin/gmake" "cmTC_2c869/fast"
/usr/bin/gmake -f CMakeFiles/cmTC_2c869.dir/build.make CMakeFiles/cmTC_2c869.dir/build
gmake[1]: Entering directory '/gpfs/home/bsc15/bsc15982/nest-simulator/change/CMakeFiles/CMakeTmp'
Building CXX object CMakeFiles/cmTC_2c869.dir/src.cxx.o
/apps/GCC/7.1.0/bin/g++     -march=skylake-avx512 -mtune=skylake-avx512 -m64 -fPIC  -O2 -Wall -DOpenMP_FLAG_DETECTED -fopenmp   -o CMakeFiles/cmTC_2c869.dir/src.cxx.o -c /home/bsc15/bsc15982/nest-simulator/change/CMakeFiles/CMakeTmp/src.cxx
Linking CXX executable cmTC_2c869
/usr/bin/cmake -E cmake_link_script CMakeFiles/cmTC_2c869.dir/link.txt --verbose=1
/apps/GCC/7.1.0/bin/g++   -march=skylake-avx512 -mtune=skylake-avx512 -m64 -fPIC  -O2 -Wall -DOpenMP_FLAG_DETECTED -fopenmp    CMakeFiles/cmTC_2c869.dir/src.cxx.o  -o cmTC_2c869 -rdynamic 
gmake[1]: Leaving directory '/gpfs/home/bsc15/bsc15982/nest-simulator/change/CMakeFiles/CMakeTmp'

Source file was:

#include <omp.h>
int main() {
#ifdef _OPENMP
  return 0;
#else
  breaks_on_purpose
#endif
}

